<?xml version="1.0" encoding="UTF-8"?>
<!-- Generated by org.testng.reporters.JUnitReportReporter -->
<testsuite hostname="DESKTOP-NQ83CF5" failures="0" tests="3" name="Parallelism.para2" time="0.039" errors="0" timestamp="2024-03-01T10:57:59 IST" skipped="0">
  <testcase classname="Parallelism.para2" name="APILoginPersonalLoan" time="0.016"/>
  <testcase classname="Parallelism.para2" name="MobileLoginPersonalLoan" time="0.017"/>
  <testcase classname="Parallelism.para2" name="WebLoginPersonalLoan" time="0.006"/>
</testsuite> <!-- Parallelism.para2 -->
