<?xml version="1.0" encoding="UTF-8"?>
<!-- Generated by org.testng.reporters.JUnitReportReporter -->
<testsuite hostname="DESKTOP-NQ83CF5" failures="0" tests="2" name="Parallelism.para1" time="13.736" errors="0" timestamp="2024-02-28T19:58:22 IST" skipped="0">
  <testcase classname="Parallelism.para1" name="test2" time="6.811"/>
  <testcase classname="Parallelism.para1" name="test1" time="6.925"/>
</testsuite> <!-- Parallelism.para1 -->
